<?xml version="1.0" encoding="UTF-8"?>
<testng-results ignored="0" total="1" passed="1" failed="0" skipped="0">
  <reporter-output>
  </reporter-output>
  <suite started-at="2023-08-04T23:01:48 EDT" name="Default Suite" finished-at="2023-08-04T23:01:56 EDT" duration-ms="7484">
    <groups>
    </groups>
    <test started-at="2023-08-04T23:01:48 EDT" name="SauceDemoProject" finished-at="2023-08-04T23:01:56 EDT" duration-ms="7484">
      <class name="com.saucedemo.testscripts.BuyingMultipleProductsTest">
        <test-method is-config="true" signature="openBrowser()[pri:0, instance:com.saucedemo.testscripts.BuyingMultipleProductsTest@38c5cc4c]" started-at="2023-08-04T23:01:48 EDT" name="openBrowser" finished-at="2023-08-04T23:01:54 EDT" duration-ms="5749" status="PASS">
          <reporter-output>
          </reporter-output>
        </test-method> <!-- openBrowser -->
        <test-method signature="BuyingProcess()[pri:0, instance:com.saucedemo.testscripts.BuyingMultipleProductsTest@38c5cc4c]" started-at="2023-08-04T23:01:54 EDT" name="BuyingProcess" finished-at="2023-08-04T23:01:55 EDT" duration-ms="1434" status="PASS">
          <reporter-output>
          </reporter-output>
        </test-method> <!-- BuyingProcess -->
        <test-method is-config="true" signature="closeBrowser()[pri:0, instance:com.saucedemo.testscripts.BuyingMultipleProductsTest@38c5cc4c]" started-at="2023-08-04T23:01:55 EDT" name="closeBrowser" finished-at="2023-08-04T23:01:56 EDT" duration-ms="251" status="PASS">
          <reporter-output>
          </reporter-output>
        </test-method> <!-- closeBrowser -->
      </class> <!-- com.saucedemo.testscripts.BuyingMultipleProductsTest -->
    </test> <!-- SauceDemoProject -->
  </suite> <!-- Default Suite -->
</testng-results>
